<?xml version="1.0" encoding="UTF-8"?>
<!-- Generated by org.testng.reporters.JUnitXMLReporter -->
<testsuite hostname="DESKTOP-DDKMTI5" ignored="0" name="Default test" tests="4" failures="0" timestamp="01 Jul 2022 08:32:43 GMT" time="0.11" errors="0">
  <testcase name="@BeforeSuite setup" time="13.644" classname="com.tests.Logintest">
    <failure type="org.openqa.selenium.SessionNotCreatedException" message="session not created: This version of ChromeDriver only supports Chrome version 101
Current browser version is 103.0.5060.66 with binary path C:\Program Files\Google\Chrome\Application\chrome.exe
Build info: version: &amp;apos;3.141.59&amp;apos;, revision: &amp;apos;e82be7d358&amp;apos;, time: &amp;apos;2018-11-14T08:17:03&amp;apos;
System info: host: &amp;apos;DESKTOP-DDKMTI5&amp;apos;, ip: &amp;apos;127.0.0.1&amp;apos;, os.name: &amp;apos;Windows 10&amp;apos;, os.arch: &amp;apos;amd64&amp;apos;, os.version: &amp;apos;10.0&amp;apos;, java.version: &amp;apos;1.8.0_144&amp;apos;
Driver info: driver.version: ChromeDriver
remote stacktrace: Backtrace:
	Ordinal0 [0x0072B8F3+2406643]
	Ordinal0 [0x006BAF31+1945393]
	Ordinal0 [0x005AC748+837448]
	Ordinal0 [0x005CC8B3+968883]
	Ordinal0 [0x005C84BA+951482]
	Ordinal0 [0x005C5D71+941425]
	Ordinal0 [0x005F8EE0+1150688]
	Ordinal0 [0x005F8B3A+1149754]
	Ordinal0 [0x005F4096+1130646]
	Ordinal0 [0x005CE636+976438]
	Ordinal0 [0x005CF546+980294]
	GetHandleVerifier [0x00999612+2498066]
	GetHandleVerifier [0x0098C920+2445600]
	GetHandleVerifier [0x007C4F2A+579370]
	GetHandleVerifier [0x007C3D36+574774]
	Ordinal0 [0x006C1C0B+1973259]
	Ordinal0 [0x006C6688+1992328]
	Ordinal0 [0x006C6775+1992565]
	Ordinal0 [0x006CF8D1+2029777]
	BaseThreadInitThunk [0x762CFA29+25]
	RtlGetAppContainerNamedObjectPath [0x773F7A9E+286]
	RtlGetAppContainerNamedObjectPath [0x773F7A6E+238]
">
      <![CDATA[org.openqa.selenium.SessionNotCreatedException: session not created: This version of ChromeDriver only supports Chrome version 101
Current browser version is 103.0.5060.66 with binary path C:\Program Files\Google\Chrome\Application\chrome.exe
Build info: version: '3.141.59', revision: 'e82be7d358', time: '2018-11-14T08:17:03'
System info: host: 'DESKTOP-DDKMTI5', ip: '127.0.0.1', os.name: 'Windows 10', os.arch: 'amd64', os.version: '10.0', java.version: '1.8.0_144'
Driver info: driver.version: ChromeDriver
remote stacktrace: Backtrace:
Ordinal0 [0x0072B8F3+2406643]
Ordinal0 [0x006BAF31+1945393]
Ordinal0 [0x005AC748+837448]
Ordinal0 [0x005CC8B3+968883]
Ordinal0 [0x005C84BA+951482]
Ordinal0 [0x005C5D71+941425]
Ordinal0 [0x005F8EE0+1150688]
Ordinal0 [0x005F8B3A+1149754]
Ordinal0 [0x005F4096+1130646]
Ordinal0 [0x005CE636+976438]
Ordinal0 [0x005CF546+980294]
GetHandleVerifier [0x00999612+2498066]
GetHandleVerifier [0x0098C920+2445600]
GetHandleVerifier [0x007C4F2A+579370]
GetHandleVerifier [0x007C3D36+574774]
Ordinal0 [0x006C1C0B+1973259]
Ordinal0 [0x006C6688+1992328]
Ordinal0 [0x006C6775+1992565]
Ordinal0 [0x006CF8D1+2029777]
BaseThreadInitThunk [0x762CFA29+25]
RtlGetAppContainerNamedObjectPath [0x773F7A9E+286]
RtlGetAppContainerNamedObjectPath [0x773F7A6E+238]

at sun.reflect.NativeConstructorAccessorImpl.newInstance0(Native Method)
at sun.reflect.NativeConstructorAccessorImpl.newInstance(NativeConstructorAccessorImpl.java:62)
at sun.reflect.DelegatingConstructorAccessorImpl.newInstance(DelegatingConstructorAccessorImpl.java:45)
at java.lang.reflect.Constructor.newInstance(Constructor.java:423)
at org.openqa.selenium.remote.W3CHandshakeResponse.lambda$errorHandler$0(W3CHandshakeResponse.java:62)
at org.openqa.selenium.remote.HandshakeResponse.lambda$getResponseFunction$0(HandshakeResponse.java:30)
at org.openqa.selenium.remote.ProtocolHandshake.lambda$createSession$0(ProtocolHandshake.java:126)
at java.util.stream.ReferencePipeline$3$1.accept(ReferencePipeline.java:193)
at java.util.Spliterators$ArraySpliterator.tryAdvance(Spliterators.java:958)
at java.util.stream.ReferencePipeline.forEachWithCancel(ReferencePipeline.java:126)
at java.util.stream.AbstractPipeline.copyIntoWithCancel(AbstractPipeline.java:498)
at java.util.stream.AbstractPipeline.copyInto(AbstractPipeline.java:485)
at java.util.stream.AbstractPipeline.wrapAndCopyInto(AbstractPipeline.java:471)
at java.util.stream.FindOps$FindOp.evaluateSequential(FindOps.java:152)
at java.util.stream.AbstractPipeline.evaluate(AbstractPipeline.java:234)
at java.util.stream.ReferencePipeline.findFirst(ReferencePipeline.java:464)
at org.openqa.selenium.remote.ProtocolHandshake.createSession(ProtocolHandshake.java:128)
at org.openqa.selenium.remote.ProtocolHandshake.createSession(ProtocolHandshake.java:74)
at org.openqa.selenium.remote.HttpCommandExecutor.execute(HttpCommandExecutor.java:136)
at org.openqa.selenium.remote.service.DriverCommandExecutor.execute(DriverCommandExecutor.java:83)
at org.openqa.selenium.remote.RemoteWebDriver.execute(RemoteWebDriver.java:552)
at org.openqa.selenium.remote.RemoteWebDriver.startSession(RemoteWebDriver.java:213)
at org.openqa.selenium.remote.RemoteWebDriver.<init>(RemoteWebDriver.java:131)
at org.openqa.selenium.chrome.ChromeDriver.<init>(ChromeDriver.java:181)
at org.openqa.selenium.chrome.ChromeDriver.<init>(ChromeDriver.java:168)
at org.openqa.selenium.chrome.ChromeDriver.<init>(ChromeDriver.java:123)
at com.base.BaseClass.initialization(BaseClass.java:33)
at com.tests.Logintest.setup(Logintest.java:21)
at sun.reflect.NativeMethodAccessorImpl.invoke0(Native Method)
at sun.reflect.NativeMethodAccessorImpl.invoke(NativeMethodAccessorImpl.java:62)
at sun.reflect.DelegatingMethodAccessorImpl.invoke(DelegatingMethodAccessorImpl.java:43)
at java.lang.reflect.Method.invoke(Method.java:498)
at org.testng.internal.MethodInvocationHelper.invokeMethod(MethodInvocationHelper.java:124)
at org.testng.internal.MethodInvocationHelper.invokeMethodConsideringTimeout(MethodInvocationHelper.java:59)
at org.testng.internal.Invoker.invokeConfigurationMethod(Invoker.java:458)
at org.testng.internal.Invoker.invokeConfigurations(Invoker.java:222)
at org.testng.internal.Invoker.invokeConfigurations(Invoker.java:142)
at org.testng.SuiteRunner.privateRun(SuiteRunner.java:401)
at org.testng.SuiteRunner.run(SuiteRunner.java:364)
at org.testng.SuiteRunnerWorker.runSuite(SuiteRunnerWorker.java:52)
at org.testng.SuiteRunnerWorker.run(SuiteRunnerWorker.java:84)
at org.testng.TestNG.runSuitesSequentially(TestNG.java:1208)
at org.testng.TestNG.runSuitesLocally(TestNG.java:1137)
at org.testng.TestNG.runSuites(TestNG.java:1049)
at org.testng.TestNG.run(TestNG.java:1017)
at org.testng.remote.AbstractRemoteTestNG.run(AbstractRemoteTestNG.java:114)
at org.testng.remote.RemoteTestNG.initAndRun(RemoteTestNG.java:251)
at org.testng.remote.RemoteTestNG.main(RemoteTestNG.java:77)
]]>
    </failure>
  </testcase> <!-- @BeforeSuite setup -->
  <testcase name="failtest" time="0.0" classname="com.tests.Logintest">
    <skipped/>
  </testcase> <!-- failtest -->
  <testcase name="passtest" time="0.0" classname="com.tests.Logintest">
    <skipped/>
  </testcase> <!-- passtest -->
  <testcase name="skiptest" time="0.0" classname="com.tests.Logintest">
    <skipped/>
  </testcase> <!-- skiptest -->
  <testcase name="dashboardtest" time="0.0" classname="com.tests.Logintest">
    <skipped/>
  </testcase> <!-- dashboardtest -->
</testsuite> <!-- Default test -->
